c:\users\trtr\source\repos\learningcpp\learningcpp\debug\vc142.pdb
c:\users\trtr\source\repos\learningcpp\learningcpp\debug\vc142.idb
c:\users\trtr\source\repos\learningcpp\learningcpp\debug\point.obj
c:\users\trtr\source\repos\learningcpp\learningcpp\debug\learningcpp.obj
c:\users\trtr\source\repos\learningcpp\learningcpp\debug\string.obj
c:\users\trtr\source\repos\learningcpp\debug\learningcpp.pdb
c:\users\trtr\source\repos\learningcpp\learningcpp\debug\learningcpp.tlog\cl.command.1.tlog
c:\users\trtr\source\repos\learningcpp\learningcpp\debug\learningcpp.tlog\cl.read.1.tlog
c:\users\trtr\source\repos\learningcpp\learningcpp\debug\learningcpp.tlog\cl.write.1.tlog
c:\users\trtr\source\repos\learningcpp\learningcpp\debug\learningcpp.tlog\link-cvtres.read.1.tlog
c:\users\trtr\source\repos\learningcpp\learningcpp\debug\learningcpp.tlog\link-cvtres.write.1.tlog
c:\users\trtr\source\repos\learningcpp\learningcpp\debug\learningcpp.tlog\link-rc.read.1.tlog
c:\users\trtr\source\repos\learningcpp\learningcpp\debug\learningcpp.tlog\link-rc.write.1.tlog
c:\users\trtr\source\repos\learningcpp\learningcpp\debug\learningcpp.tlog\link.19968-cvtres.read.1.tlog
c:\users\trtr\source\repos\learningcpp\learningcpp\debug\learningcpp.tlog\link.19968-cvtres.write.1.tlog
c:\users\trtr\source\repos\learningcpp\learningcpp\debug\learningcpp.tlog\link.19968-rc.read.1.tlog
c:\users\trtr\source\repos\learningcpp\learningcpp\debug\learningcpp.tlog\link.19968-rc.write.1.tlog
c:\users\trtr\source\repos\learningcpp\learningcpp\debug\learningcpp.tlog\link.19968.read.1.tlog
c:\users\trtr\source\repos\learningcpp\learningcpp\debug\learningcpp.tlog\link.19968.write.1.tlog
c:\users\trtr\source\repos\learningcpp\learningcpp\debug\learningcpp.tlog\link.command.1.tlog
c:\users\trtr\source\repos\learningcpp\learningcpp\debug\learningcpp.tlog\link.read.1.tlog
c:\users\trtr\source\repos\learningcpp\learningcpp\debug\learningcpp.tlog\link.write.1.tlog
